mode: set
github.com/nawazish-github/reactivator/observable/observable.go:33.82,35.12 2 1
github.com/nawazish-github/reactivator/observable/observable.go:57.2,57.28 1 1
github.com/nawazish-github/reactivator/observable/observable.go:35.12,37.24 2 1
github.com/nawazish-github/reactivator/observable/observable.go:37.24,38.32 1 1
github.com/nawazish-github/reactivator/observable/observable.go:47.4,47.16 1 1
github.com/nawazish-github/reactivator/observable/observable.go:52.4,52.37 1 1
github.com/nawazish-github/reactivator/observable/observable.go:38.32,39.31 1 1
github.com/nawazish-github/reactivator/observable/observable.go:40.16,42.14 2 1
github.com/nawazish-github/reactivator/observable/observable.go:43.13,44.27 1 1
github.com/nawazish-github/reactivator/observable/observable.go:47.16,49.5 1 1
github.com/nawazish-github/reactivator/observable/observable.go:49.10,51.5 1 1
github.com/nawazish-github/reactivator/observable/observable.go:53.9,55.4 1 0
github.com/nawazish-github/reactivator/observable/operator-from.go:5.73,6.26 1 1
github.com/nawazish-github/reactivator/observable/operator-from.go:7.21,10.13 2 1
github.com/nawazish-github/reactivator/observable/operator-from.go:17.3,17.22 1 1
github.com/nawazish-github/reactivator/observable/operator-from.go:18.26,19.28 1 0
github.com/nawazish-github/reactivator/observable/operator-from.go:20.24,21.28 1 0
github.com/nawazish-github/reactivator/observable/operator-from.go:22.10,23.81 1 0
github.com/nawazish-github/reactivator/observable/operator-from.go:10.13,12.26 2 1
github.com/nawazish-github/reactivator/observable/operator-from.go:12.26,14.5 1 1
github.com/nawazish-github/reactivator/observable/operator-interval.go:8.76,10.11 1 0
github.com/nawazish-github/reactivator/observable/operator-interval.go:14.2,20.12 4 0
github.com/nawazish-github/reactivator/observable/operator-interval.go:30.2,30.24 1 0
github.com/nawazish-github/reactivator/observable/operator-interval.go:10.11,12.3 1 0
github.com/nawazish-github/reactivator/observable/operator-interval.go:20.12,21.7 1 0
github.com/nawazish-github/reactivator/observable/operator-interval.go:21.7,22.11 1 0
github.com/nawazish-github/reactivator/observable/operator-interval.go:23.20,25.14 2 0
github.com/nawazish-github/reactivator/observable/operator-limit.go:5.67,6.23 1 0
github.com/nawazish-github/reactivator/observable/operator-limit.go:10.2,13.30 3 0
github.com/nawazish-github/reactivator/observable/operator-limit.go:22.2,22.33 1 0
github.com/nawazish-github/reactivator/observable/operator-limit.go:6.23,8.3 1 0
github.com/nawazish-github/reactivator/observable/operator-limit.go:13.30,14.23 1 0
github.com/nawazish-github/reactivator/observable/operator-limit.go:14.23,17.4 2 0
github.com/nawazish-github/reactivator/observable/operator-limit.go:17.9,19.9 2 0
github.com/nawazish-github/reactivator/observable/operator-range.go:5.79,7.16 1 0
github.com/nawazish-github/reactivator/observable/operator-range.go:11.2,11.17 1 0
github.com/nawazish-github/reactivator/observable/operator-range.go:15.2,16.12 2 0
github.com/nawazish-github/reactivator/observable/operator-range.go:24.2,24.24 1 0
github.com/nawazish-github/reactivator/observable/operator-range.go:7.16,9.3 1 0
github.com/nawazish-github/reactivator/observable/operator-range.go:11.17,13.3 1 0
github.com/nawazish-github/reactivator/observable/operator-range.go:16.12,19.47 3 0
github.com/nawazish-github/reactivator/observable/operator-range.go:19.47,22.4 2 0
